Using pre-set license
Built from '2021.3/release' branch; Version is '2021.3.17f1 (3e8111cac19d) revision 4096273'; Using compiler version '192829333'; Build Type 'Release'
OS: 'Windows 10  (10.0.19045) 64bit Education' Language: 'en' Physical Memory: 32544 MB
BatchMode: 1, IsHumanControllingUs: 0, StartBugReporterOnCrash: 0, Is64bit: 1, IsPro: 1

COMMAND LINE ARGUMENTS:
C:\Program Files\Unity 2021.3.17f1\Editor\Unity.exe
-adb2
-batchMode
-noUpm
-name
AssetImportWorker0
-projectPath
C:/Users/46340661/Documents/2160/Week8Prac/My project (1)
-logFile
Logs/AssetImportWorker0.log
-srvPort
54314
Successfully changed project path to: C:/Users/46340661/Documents/2160/Week8Prac/My project (1)
C:/Users/46340661/Documents/2160/Week8Prac/My project (1)
[UnityMemory] Configuration Parameters - Can be set up in boot.config
    "memorysetup-bucket-allocator-granularity=16"
    "memorysetup-bucket-allocator-bucket-count=8"
    "memorysetup-bucket-allocator-block-size=33554432"
    "memorysetup-bucket-allocator-block-count=8"
    "memorysetup-main-allocator-block-size=16777216"
    "memorysetup-thread-allocator-block-size=16777216"
    "memorysetup-gfx-main-allocator-block-size=16777216"
    "memorysetup-gfx-thread-allocator-block-size=16777216"
    "memorysetup-cache-allocator-block-size=4194304"
    "memorysetup-typetree-allocator-block-size=2097152"
    "memorysetup-profiler-bucket-allocator-granularity=16"
    "memorysetup-profiler-bucket-allocator-bucket-count=8"
    "memorysetup-profiler-bucket-allocator-block-size=33554432"
    "memorysetup-profiler-bucket-allocator-block-count=8"
    "memorysetup-profiler-allocator-block-size=16777216"
    "memorysetup-profiler-editor-allocator-block-size=1048576"
    "memorysetup-temp-allocator-size-main=16777216"
    "memorysetup-job-temp-allocator-block-size=2097152"
    "memorysetup-job-temp-allocator-block-size-background=1048576"
    "memorysetup-job-temp-allocator-reduction-small-platforms=262144"
    "memorysetup-temp-allocator-size-background-worker=32768"
    "memorysetup-temp-allocator-size-job-worker=262144"
    "memorysetup-temp-allocator-size-preload-manager=33554432"
    "memorysetup-temp-allocator-size-nav-mesh-worker=65536"
    "memorysetup-temp-allocator-size-audio-worker=65536"
    "memorysetup-temp-allocator-size-cloud-worker=32768"
    "memorysetup-temp-allocator-size-gi-baking-worker=262144"
    "memorysetup-temp-allocator-size-gfx=262144"
Player connection [22504] Host "[IP] 10.6.27.162 [Port] 0 [Flags] 2 [Guid] 2917563858 [EditorId] 2917563858 [Version] 1048832 [Id] WindowsEditor(7,4RPD110-PC20) [Debug] 1 [PackageName] WindowsEditor [ProjectName] Editor" joined multi-casting on [225.0.0.222:54997]...

Player connection [22504] Host "[IP] 10.6.27.162 [Port] 0 [Flags] 2 [Guid] 2917563858 [EditorId] 2917563858 [Version] 1048832 [Id] WindowsEditor(7,4RPD110-PC20) [Debug] 1 [PackageName] WindowsEditor [ProjectName] Editor" joined alternative multi-casting on [225.0.0.222:34997]...

Refreshing native plugins compatible for Editor in 83.16 ms, found 3 plugins.
Preloading 0 native plugins for Editor in 0.00 ms.
Initialize engine version: 2021.3.17f1 (3e8111cac19d)
[Subsystems] Discovering subsystems at path C:/Program Files/Unity 2021.3.17f1/Editor/Data/Resources/UnitySubsystems
[Subsystems] Discovering subsystems at path C:/Users/46340661/Documents/2160/Week8Prac/My project (1)/Assets
GfxDevice: creating device client; threaded=0; jobified=0
Direct3D:
    Version:  Direct3D 11.0 [level 11.1]
    Renderer: NVIDIA GeForce RTX 2070 SUPER (ID=0x1e84)
    Vendor:   NVIDIA
    VRAM:     8003 MB
    Driver:   31.0.15.3640
Initialize mono
Mono path[0] = 'C:/Program Files/Unity 2021.3.17f1/Editor/Data/Managed'
Mono path[1] = 'C:/Program Files/Unity 2021.3.17f1/Editor/Data/MonoBleedingEdge/lib/mono/unityjit-win32'
Mono config path = 'C:/Program Files/Unity 2021.3.17f1/Editor/Data/MonoBleedingEdge/etc'
Using monoOptions --debugger-agent=transport=dt_socket,embedding=1,server=y,suspend=n,address=127.0.0.1:56032
Begin MonoManager ReloadAssembly
Registering precompiled unity dll's ...
Register platform support module: C:/Program Files/Unity 2021.3.17f1/Editor/Data/PlaybackEngines/WebGLSupport/UnityEditor.WebGL.Extensions.dll
Register platform support module: C:/Program Files/Unity 2021.3.17f1/Editor/Data/PlaybackEngines/AndroidPlayer/UnityEditor.Android.Extensions.dll
Register platform support module: C:/Program Files/Unity 2021.3.17f1/Editor/Data/PlaybackEngines/iOSSupport/UnityEditor.iOS.Extensions.dll
Register platform support module: C:/Program Files/Unity 2021.3.17f1/Editor/Data/PlaybackEngines/WindowsStandaloneSupport/UnityEditor.WindowsStandalone.Extensions.dll
Register platform support module: C:/Program Files/Unity 2021.3.17f1/Editor/Data/PlaybackEngines/MetroSupport/UnityEditor.UWP.Extensions.dll
Registered in 0.007530 seconds.
Native extension for UWP target not found
Native extension for WindowsStandalone target not found
Native extension for iOS target not found
Native extension for Android target not found
Native extension for WebGL target not found
Refreshing native plugins compatible for Editor in 80.07 ms, found 3 plugins.
Preloading 0 native plugins for Editor in 0.00 ms.
Mono: successfully reloaded assembly
- Completed reload, in  0.608 seconds
Domain Reload Profiling:
	ReloadAssembly (608ms)
		BeginReloadAssembly (70ms)
			ExecutionOrderSort (0ms)
			DisableScriptedObjects (0ms)
			BackupInstance (0ms)
			ReleaseScriptingObjects (0ms)
			CreateAndSetChildDomain (1ms)
		EndReloadAssembly (441ms)
			LoadAssemblies (69ms)
			RebuildTransferFunctionScriptingTraits (0ms)
			SetupTypeCache (94ms)
			ReleaseScriptCaches (0ms)
			RebuildScriptCaches (23ms)
			SetupLoadedEditorAssemblies (276ms)
				LogAssemblyErrors (0ms)
				InitializePlatformSupportModulesInManaged (76ms)
				SetLoadedEditorAssemblies (0ms)
				RefreshPlugins (80ms)
				BeforeProcessingInitializeOnLoad (1ms)
				ProcessInitializeOnLoadAttributes (78ms)
				ProcessInitializeOnLoadMethodAttributes (41ms)
				AfterProcessingInitializeOnLoad (0ms)
				EditorAssembliesLoaded (0ms)
			ExecutionOrderSort2 (0ms)
			AwakeInstancesAfterBackupRestoration (0ms)
Platform modules already initialized, skipping
Registering precompiled user dll's ...
Registered in 0.008852 seconds.
Begin MonoManager ReloadAssembly
Native extension for UWP target not found
Native extension for WindowsStandalone target not found
Native extension for iOS target not found
Native extension for Android target not found
Native extension for WebGL target not found
Refreshing native plugins compatible for Editor in 82.15 ms, found 3 plugins.
Preloading 0 native plugins for Editor in 0.00 ms.
Mono: successfully reloaded assembly
- Completed reload, in  1.068 seconds
Domain Reload Profiling:
	ReloadAssembly (1069ms)
		BeginReloadAssembly (99ms)
			ExecutionOrderSort (0ms)
			DisableScriptedObjects (5ms)
			BackupInstance (0ms)
			ReleaseScriptingObjects (0ms)
			CreateAndSetChildDomain (17ms)
		EndReloadAssembly (861ms)
			LoadAssemblies (87ms)
			RebuildTransferFunctionScriptingTraits (0ms)
			SetupTypeCache (235ms)
			ReleaseScriptCaches (1ms)
			RebuildScriptCaches (42ms)
			SetupLoadedEditorAssemblies (445ms)
				LogAssemblyErrors (0ms)
				InitializePlatformSupportModulesInManaged (23ms)
				SetLoadedEditorAssemblies (0ms)
				RefreshPlugins (82ms)
				BeforeProcessingInitializeOnLoad (83ms)
				ProcessInitializeOnLoadAttributes (233ms)
				ProcessInitializeOnLoadMethodAttributes (17ms)
				AfterProcessingInitializeOnLoad (7ms)
				EditorAssembliesLoaded (0ms)
			ExecutionOrderSort2 (0ms)
			AwakeInstancesAfterBackupRestoration (7ms)
Platform modules already initialized, skipping
========================================================================
Worker process is ready to serve import requests
Launched and connected shader compiler UnityShaderCompiler.exe after 0.06 seconds
Refreshing native plugins compatible for Editor in 0.92 ms, found 3 plugins.
Preloading 0 native plugins for Editor in 0.00 ms.
Unloading 3721 Unused Serialized files (Serialized files now loaded: 0)
Unloading 30 unused Assets / (113.6 KB). Loaded Objects now: 4195.
Memory consumption went from 143.0 MB to 142.8 MB.
Total: 2.671900 ms (FindLiveObjects: 0.262800 ms CreateObjectMapping: 0.207500 ms MarkObjects: 2.104700 ms  DeleteObjects: 0.096300 ms)

AssetImportParameters requested are different than current active one (requested -> active):
  custom:video-decoder-ogg-theora: a1e56fd34408186e4bbccfd4996cb3dc -> 
  custom:container-muxer-webm: aa71ff27fc2769a1b78a27578f13a17b -> 
  custom:container-demuxer-webm: 4f35f7cbe854078d1ac9338744f61a02 -> 
  custom:video-encoder-webm-vp8: eb34c28f22e8b96e1ab97ce403110664 -> 
  custom:audio-encoder-webm-vorbis: bf7c407c2cedff20999df2af8eb42d56 -> 
  custom:framework-win-MediaFoundation: 216162199b28c13a410421893ffa2e32 -> 
  custom:container-demuxer-ogg: 62fdf1f143b41e24485cea50d1cbac27 -> 
  custom:video-decoder-webm-vp8: 9c59270c3fd7afecdb556c50c9e8de78 -> 
  custom:audio-decoder-ogg-vorbis: bf7c407c2cedff20999df2af8eb42d56 -> 
========================================================================
Received Import Request.
  Time since last request: 210258.407487 seconds.
  path: Assets/Script/Player.inputactions
  artifactKey: Guid(4c7aa0e75cde6934da4eb4608387c17b) Importer(815301076,1909f56bfc062723c751e8b465ee728b)
Start importing Assets/Script/Player.inputactions using Guid(4c7aa0e75cde6934da4eb4608387c17b) Importer(815301076,1909f56bfc062723c751e8b465ee728b)  -> (artifact id: 'fe8620643d1deeabf743b033210bb30d') in 0.030053 seconds 
========================================================================
Received Import Request.
  Time since last request: 48.780363 seconds.
  path: Assets/Script/Player.inputactions
  artifactKey: Guid(4c7aa0e75cde6934da4eb4608387c17b) Importer(815301076,1909f56bfc062723c751e8b465ee728b)
Start importing Assets/Script/Player.inputactions using Guid(4c7aa0e75cde6934da4eb4608387c17b) Importer(815301076,1909f56bfc062723c751e8b465ee728b)  -> (artifact id: '319559f434098051fea1bf1e96867950') in 0.003915 seconds 
========================================================================
Received Import Request.
  Time since last request: 12.407879 seconds.
  path: Assets/Script/Player.inputactions
  artifactKey: Guid(4c7aa0e75cde6934da4eb4608387c17b) Importer(815301076,1909f56bfc062723c751e8b465ee728b)
Start importing Assets/Script/Player.inputactions using Guid(4c7aa0e75cde6934da4eb4608387c17b) Importer(815301076,1909f56bfc062723c751e8b465ee728b)  -> (artifact id: '8916227dc48c9ec9639887dd1f78411a') in 0.003062 seconds 
========================================================================
Received Import Request.
  Time since last request: 36.217135 seconds.
  path: Assets/Script/Player.inputactions
  artifactKey: Guid(4c7aa0e75cde6934da4eb4608387c17b) Importer(815301076,1909f56bfc062723c751e8b465ee728b)
Start importing Assets/Script/Player.inputactions using Guid(4c7aa0e75cde6934da4eb4608387c17b) Importer(815301076,1909f56bfc062723c751e8b465ee728b)  -> (artifact id: '0464a4b29b458a1fee2eaa87971048ab') in 0.003539 seconds 
========================================================================
Received Import Request.
  Time since last request: 4.301033 seconds.
  path: Assets/Script/Player.inputactions
  artifactKey: Guid(4c7aa0e75cde6934da4eb4608387c17b) Importer(815301076,1909f56bfc062723c751e8b465ee728b)
Start importing Assets/Script/Player.inputactions using Guid(4c7aa0e75cde6934da4eb4608387c17b) Importer(815301076,1909f56bfc062723c751e8b465ee728b)  -> (artifact id: '48c60c25f3ca7d180a3b922c52ba629e') in 0.002979 seconds 
========================================================================
Received Import Request.
  Time since last request: 1.385874 seconds.
  path: Assets/Script/Player.inputactions
  artifactKey: Guid(4c7aa0e75cde6934da4eb4608387c17b) Importer(815301076,1909f56bfc062723c751e8b465ee728b)
Start importing Assets/Script/Player.inputactions using Guid(4c7aa0e75cde6934da4eb4608387c17b) Importer(815301076,1909f56bfc062723c751e8b465ee728b)  -> (artifact id: '56149e316765a9aba055e570a4db3fad') in 0.002778 seconds 
========================================================================
Received Prepare
Registering precompiled user dll's ...
Registered in 0.008045 seconds.
Begin MonoManager ReloadAssembly
Native extension for UWP target not found
Native extension for WindowsStandalone target not found
Native extension for iOS target not found
Native extension for Android target not found
Native extension for WebGL target not found
Refreshing native plugins compatible for Editor in 0.55 ms, found 3 plugins.
Preloading 0 native plugins for Editor in 0.00 ms.
Mono: successfully reloaded assembly
- Completed reload, in  0.938 seconds
Domain Reload Profiling:
	ReloadAssembly (938ms)
		BeginReloadAssembly (135ms)
			ExecutionOrderSort (0ms)
			DisableScriptedObjects (5ms)
			BackupInstance (0ms)
			ReleaseScriptingObjects (0ms)
			CreateAndSetChildDomain (35ms)
		EndReloadAssembly (710ms)
			LoadAssemblies (96ms)
			RebuildTransferFunctionScriptingTraits (0ms)
			SetupTypeCache (228ms)
			ReleaseScriptCaches (1ms)
			RebuildScriptCaches (32ms)
			SetupLoadedEditorAssemblies (307ms)
				LogAssemblyErrors (0ms)
				InitializePlatformSupportModulesInManaged (29ms)
				SetLoadedEditorAssemblies (0ms)
				RefreshPlugins (1ms)
				BeforeProcessingInitializeOnLoad (57ms)
				ProcessInitializeOnLoadAttributes (193ms)
				ProcessInitializeOnLoadMethodAttributes (20ms)
				AfterProcessingInitializeOnLoad (8ms)
				EditorAssembliesLoaded (0ms)
			ExecutionOrderSort2 (0ms)
			AwakeInstancesAfterBackupRestoration (7ms)
Platform modules already initialized, skipping
Refreshing native plugins compatible for Editor in 2.35 ms, found 3 plugins.
Preloading 0 native plugins for Editor in 0.00 ms.
Unloading 3717 Unused Serialized files (Serialized files now loaded: 0)
Unloading 21 unused Assets / (80.1 KB). Loaded Objects now: 4200.
Memory consumption went from 142.5 MB to 142.5 MB.
Total: 2.529800 ms (FindLiveObjects: 0.239800 ms CreateObjectMapping: 0.159400 ms MarkObjects: 2.060700 ms  DeleteObjects: 0.069200 ms)

AssetImportParameters requested are different than current active one (requested -> active):
  custom:video-decoder-ogg-theora: a1e56fd34408186e4bbccfd4996cb3dc -> 
  custom:container-muxer-webm: aa71ff27fc2769a1b78a27578f13a17b -> 
  custom:container-demuxer-webm: 4f35f7cbe854078d1ac9338744f61a02 -> 
  custom:video-encoder-webm-vp8: eb34c28f22e8b96e1ab97ce403110664 -> 
  custom:audio-encoder-webm-vorbis: bf7c407c2cedff20999df2af8eb42d56 -> 
  custom:framework-win-MediaFoundation: 216162199b28c13a410421893ffa2e32 -> 
  custom:container-demuxer-ogg: 62fdf1f143b41e24485cea50d1cbac27 -> 
  custom:video-decoder-webm-vp8: 9c59270c3fd7afecdb556c50c9e8de78 -> 
  custom:audio-decoder-ogg-vorbis: bf7c407c2cedff20999df2af8eb42d56 -> 
========================================================================
Received Import Request.
  Time since last request: 7.215008 seconds.
  path: Assets/Script/Player.inputactions
  artifactKey: Guid(4c7aa0e75cde6934da4eb4608387c17b) Importer(815301076,1909f56bfc062723c751e8b465ee728b)
Start importing Assets/Script/Player.inputactions using Guid(4c7aa0e75cde6934da4eb4608387c17b) Importer(815301076,1909f56bfc062723c751e8b465ee728b)  -> (artifact id: '2b5a07df3d26ea335a196d7129378b6f') in 0.015027 seconds 
========================================================================
Received Prepare
Registering precompiled user dll's ...
Registered in 0.008149 seconds.
Begin MonoManager ReloadAssembly
Native extension for UWP target not found
Native extension for WindowsStandalone target not found
Native extension for iOS target not found
Native extension for Android target not found
Native extension for WebGL target not found
Refreshing native plugins compatible for Editor in 0.53 ms, found 3 plugins.
Preloading 0 native plugins for Editor in 0.00 ms.
Mono: successfully reloaded assembly
- Completed reload, in  0.952 seconds
Domain Reload Profiling:
	ReloadAssembly (953ms)
		BeginReloadAssembly (134ms)
			ExecutionOrderSort (0ms)
			DisableScriptedObjects (5ms)
			BackupInstance (0ms)
			ReleaseScriptingObjects (0ms)
			CreateAndSetChildDomain (32ms)
		EndReloadAssembly (725ms)
			LoadAssemblies (100ms)
			RebuildTransferFunctionScriptingTraits (0ms)
			SetupTypeCache (236ms)
			ReleaseScriptCaches (1ms)
			RebuildScriptCaches (32ms)
			SetupLoadedEditorAssemblies (312ms)
				LogAssemblyErrors (0ms)
				InitializePlatformSupportModulesInManaged (29ms)
				SetLoadedEditorAssemblies (0ms)
				RefreshPlugins (1ms)
				BeforeProcessingInitializeOnLoad (57ms)
				ProcessInitializeOnLoadAttributes (197ms)
				ProcessInitializeOnLoadMethodAttributes (19ms)
				AfterProcessingInitializeOnLoad (7ms)
				EditorAssembliesLoaded (0ms)
			ExecutionOrderSort2 (0ms)
			AwakeInstancesAfterBackupRestoration (7ms)
Platform modules already initialized, skipping
Refreshing native plugins compatible for Editor in 2.04 ms, found 3 plugins.
Preloading 0 native plugins for Editor in 0.00 ms.
Unloading 3717 Unused Serialized files (Serialized files now loaded: 0)
Unloading 21 unused Assets / (80.0 KB). Loaded Objects now: 4203.
Memory consumption went from 142.5 MB to 142.5 MB.
Total: 2.448100 ms (FindLiveObjects: 0.241100 ms CreateObjectMapping: 0.153600 ms MarkObjects: 1.987100 ms  DeleteObjects: 0.065400 ms)

AssetImportParameters requested are different than current active one (requested -> active):
  custom:video-decoder-ogg-theora: a1e56fd34408186e4bbccfd4996cb3dc -> 
  custom:container-muxer-webm: aa71ff27fc2769a1b78a27578f13a17b -> 
  custom:container-demuxer-webm: 4f35f7cbe854078d1ac9338744f61a02 -> 
  custom:video-encoder-webm-vp8: eb34c28f22e8b96e1ab97ce403110664 -> 
  custom:audio-encoder-webm-vorbis: bf7c407c2cedff20999df2af8eb42d56 -> 
  custom:framework-win-MediaFoundation: 216162199b28c13a410421893ffa2e32 -> 
  custom:container-demuxer-ogg: 62fdf1f143b41e24485cea50d1cbac27 -> 
  custom:video-decoder-webm-vp8: 9c59270c3fd7afecdb556c50c9e8de78 -> 
  custom:audio-decoder-ogg-vorbis: bf7c407c2cedff20999df2af8eb42d56 -> 
========================================================================
Received Import Request.
  Time since last request: 5.022890 seconds.
  path: Assets/Script/Player.inputactions
  artifactKey: Guid(4c7aa0e75cde6934da4eb4608387c17b) Importer(815301076,1909f56bfc062723c751e8b465ee728b)
Start importing Assets/Script/Player.inputactions using Guid(4c7aa0e75cde6934da4eb4608387c17b) Importer(815301076,1909f56bfc062723c751e8b465ee728b)  -> (artifact id: '0a8de36266f796171f13ea28df9381ef') in 0.014739 seconds 
========================================================================
Received Import Request.
  Time since last request: 3.146335 seconds.
  path: Assets/Script/Player.inputactions
  artifactKey: Guid(4c7aa0e75cde6934da4eb4608387c17b) Importer(815301076,1909f56bfc062723c751e8b465ee728b)
Start importing Assets/Script/Player.inputactions using Guid(4c7aa0e75cde6934da4eb4608387c17b) Importer(815301076,1909f56bfc062723c751e8b465ee728b)  -> (artifact id: 'cc76351a49e3b7109ded42e1a25cbbe2') in 0.003178 seconds 
========================================================================
Received Import Request.
  Time since last request: 13.313198 seconds.
  path: Assets/Script/Player.inputactions
  artifactKey: Guid(4c7aa0e75cde6934da4eb4608387c17b) Importer(815301076,1909f56bfc062723c751e8b465ee728b)
Start importing Assets/Script/Player.inputactions using Guid(4c7aa0e75cde6934da4eb4608387c17b) Importer(815301076,1909f56bfc062723c751e8b465ee728b)  -> (artifact id: '8097fe3b1f21319173f4ad16be09c11c') in 0.003417 seconds 
========================================================================
Received Import Request.
  Time since last request: 4.117813 seconds.
  path: Assets/Script/Player.inputactions
  artifactKey: Guid(4c7aa0e75cde6934da4eb4608387c17b) Importer(815301076,1909f56bfc062723c751e8b465ee728b)
Start importing Assets/Script/Player.inputactions using Guid(4c7aa0e75cde6934da4eb4608387c17b) Importer(815301076,1909f56bfc062723c751e8b465ee728b)  -> (artifact id: '4461419e22dcc7712a3b962339d6607c') in 0.002802 seconds 
========================================================================
Received Import Request.
  Time since last request: 2.594174 seconds.
  path: Assets/Script/Player.inputactions
  artifactKey: Guid(4c7aa0e75cde6934da4eb4608387c17b) Importer(815301076,1909f56bfc062723c751e8b465ee728b)
Start importing Assets/Script/Player.inputactions using Guid(4c7aa0e75cde6934da4eb4608387c17b) Importer(815301076,1909f56bfc062723c751e8b465ee728b)  -> (artifact id: '2703586d53f97b3b63b33b448c37c881') in 0.003125 seconds 
========================================================================
Received Import Request.
  Time since last request: 6.076442 seconds.
  path: Assets/Script/Player.inputactions
  artifactKey: Guid(4c7aa0e75cde6934da4eb4608387c17b) Importer(815301076,1909f56bfc062723c751e8b465ee728b)
Start importing Assets/Script/Player.inputactions using Guid(4c7aa0e75cde6934da4eb4608387c17b) Importer(815301076,1909f56bfc062723c751e8b465ee728b)  -> (artifact id: 'c3195d61b12a3e456c0f0733a90e4a75') in 0.003032 seconds 
========================================================================
Received Import Request.
  Time since last request: 10.411303 seconds.
  path: Assets/Script/Player.inputactions
  artifactKey: Guid(4c7aa0e75cde6934da4eb4608387c17b) Importer(815301076,1909f56bfc062723c751e8b465ee728b)
Start importing Assets/Script/Player.inputactions using Guid(4c7aa0e75cde6934da4eb4608387c17b) Importer(815301076,1909f56bfc062723c751e8b465ee728b)  -> (artifact id: '800d276d462fa036aa89f6d4eec83afb') in 0.002967 seconds 
========================================================================
Received Import Request.
  Time since last request: 8.369354 seconds.
  path: Assets/Script/Player.inputactions
  artifactKey: Guid(4c7aa0e75cde6934da4eb4608387c17b) Importer(815301076,1909f56bfc062723c751e8b465ee728b)
Start importing Assets/Script/Player.inputactions using Guid(4c7aa0e75cde6934da4eb4608387c17b) Importer(815301076,1909f56bfc062723c751e8b465ee728b)  -> (artifact id: '2ceb3a4897955235c42991e091d411d2') in 0.003011 seconds 
========================================================================
Received Import Request.
  Time since last request: 6.899613 seconds.
  path: Assets/Script/Player.inputactions
  artifactKey: Guid(4c7aa0e75cde6934da4eb4608387c17b) Importer(815301076,1909f56bfc062723c751e8b465ee728b)
Start importing Assets/Script/Player.inputactions using Guid(4c7aa0e75cde6934da4eb4608387c17b) Importer(815301076,1909f56bfc062723c751e8b465ee728b)  -> (artifact id: '502730f4abc3a74410c1e4b42617d402') in 0.002980 seconds 
========================================================================
Received Import Request.
  Time since last request: 73.625184 seconds.
  path: Assets/Script/Player.inputactions
  artifactKey: Guid(4c7aa0e75cde6934da4eb4608387c17b) Importer(815301076,1909f56bfc062723c751e8b465ee728b)
Start importing Assets/Script/Player.inputactions using Guid(4c7aa0e75cde6934da4eb4608387c17b) Importer(815301076,1909f56bfc062723c751e8b465ee728b)  -> (artifact id: '189b379cdcf0a8b85bf2738218c02358') in 0.003116 seconds 
========================================================================
Received Import Request.
  Time since last request: 77.330565 seconds.
  path: Assets/Script/Player.inputactions
  artifactKey: Guid(4c7aa0e75cde6934da4eb4608387c17b) Importer(815301076,1909f56bfc062723c751e8b465ee728b)
Start importing Assets/Script/Player.inputactions using Guid(4c7aa0e75cde6934da4eb4608387c17b) Importer(815301076,1909f56bfc062723c751e8b465ee728b)  -> (artifact id: 'acc4c037e14b393cf5bdad285b8e63e9') in 0.002949 seconds 
========================================================================
Received Import Request.
  Time since last request: 63.430285 seconds.
  path: Assets/Script/Player.inputactions
  artifactKey: Guid(4c7aa0e75cde6934da4eb4608387c17b) Importer(815301076,1909f56bfc062723c751e8b465ee728b)
Start importing Assets/Script/Player.inputactions using Guid(4c7aa0e75cde6934da4eb4608387c17b) Importer(815301076,1909f56bfc062723c751e8b465ee728b)  -> (artifact id: '9e88e66fa8e5e942f897787790157f28') in 0.003218 seconds 
========================================================================
Received Import Request.
  Time since last request: 14.341969 seconds.
  path: Assets/Script/Player.inputactions
  artifactKey: Guid(4c7aa0e75cde6934da4eb4608387c17b) Importer(815301076,1909f56bfc062723c751e8b465ee728b)
Start importing Assets/Script/Player.inputactions using Guid(4c7aa0e75cde6934da4eb4608387c17b) Importer(815301076,1909f56bfc062723c751e8b465ee728b)  -> (artifact id: '9fac9a96b32471c4504e75f90682d2bb') in 0.003259 seconds 
========================================================================
Received Import Request.
  Time since last request: 19.899751 seconds.
  path: Assets/Script/Player.inputactions
  artifactKey: Guid(4c7aa0e75cde6934da4eb4608387c17b) Importer(815301076,1909f56bfc062723c751e8b465ee728b)
Start importing Assets/Script/Player.inputactions using Guid(4c7aa0e75cde6934da4eb4608387c17b) Importer(815301076,1909f56bfc062723c751e8b465ee728b)  -> (artifact id: 'd2a6259c9481f66c66ed0581f64c1866') in 0.003158 seconds 
========================================================================
Received Import Request.
  Time since last request: 12.513523 seconds.
  path: Assets/Script/Player.cs
  artifactKey: Guid(6e5be4ed7438c714290e4a0572901dbd) Importer(815301076,1909f56bfc062723c751e8b465ee728b)
Start importing Assets/Script/Player.cs using Guid(6e5be4ed7438c714290e4a0572901dbd) Importer(815301076,1909f56bfc062723c751e8b465ee728b)  -> (artifact id: '6165ddc589a64ed0077e57929d24a980') in 0.006278 seconds 
========================================================================
Received Import Request.
  Time since last request: 72.566330 seconds.
  path: Assets/Script/PlayerMove.cs
  artifactKey: Guid(9d690177dd24e01448faea39d4eee9cd) Importer(815301076,1909f56bfc062723c751e8b465ee728b)
Start importing Assets/Script/PlayerMove.cs using Guid(9d690177dd24e01448faea39d4eee9cd) Importer(815301076,1909f56bfc062723c751e8b465ee728b)  -> (artifact id: '1eb693aaefb2cc9d1034eea80ea1bf48') in 0.002335 seconds 
========================================================================
Received Import Request.
  Time since last request: 48.191614 seconds.
  path: Assets/Script/PlayerMove.cs
  artifactKey: Guid(9d690177dd24e01448faea39d4eee9cd) Importer(815301076,1909f56bfc062723c751e8b465ee728b)
Start importing Assets/Script/PlayerMove.cs using Guid(9d690177dd24e01448faea39d4eee9cd) Importer(815301076,1909f56bfc062723c751e8b465ee728b)  -> (artifact id: 'bbd8e0bccdbe311bcf00ada6d0b4a930') in 0.002334 seconds 
========================================================================
Received Import Request.
  Time since last request: 80.265440 seconds.
  path: Assets/Script/PlayerMove.cs
  artifactKey: Guid(9d690177dd24e01448faea39d4eee9cd) Importer(815301076,1909f56bfc062723c751e8b465ee728b)
Start importing Assets/Script/PlayerMove.cs using Guid(9d690177dd24e01448faea39d4eee9cd) Importer(815301076,1909f56bfc062723c751e8b465ee728b)  -> (artifact id: '1952feb647e1df175469b684b2c99d94') in 0.002285 seconds 
========================================================================
Received Import Request.
  Time since last request: 109.379907 seconds.
  path: Assets/Script/PlayerMove.cs
  artifactKey: Guid(9d690177dd24e01448faea39d4eee9cd) Importer(815301076,1909f56bfc062723c751e8b465ee728b)
Start importing Assets/Script/PlayerMove.cs using Guid(9d690177dd24e01448faea39d4eee9cd) Importer(815301076,1909f56bfc062723c751e8b465ee728b)  -> (artifact id: '2a00a4c354849beadef452a6a6b6e2f1') in 0.002277 seconds 
========================================================================
Received Import Request.
  Time since last request: 330.897530 seconds.
  path: Assets/Script/PlayerMove.cs
  artifactKey: Guid(9d690177dd24e01448faea39d4eee9cd) Importer(815301076,1909f56bfc062723c751e8b465ee728b)
Start importing Assets/Script/PlayerMove.cs using Guid(9d690177dd24e01448faea39d4eee9cd) Importer(815301076,1909f56bfc062723c751e8b465ee728b)  -> (artifact id: '20129c8b19bf12bb4681bdab66c6cb3d') in 0.002505 seconds 
========================================================================
Received Prepare
Registering precompiled user dll's ...
Registered in 0.007732 seconds.
Begin MonoManager ReloadAssembly
Native extension for UWP target not found
Native extension for WindowsStandalone target not found
Native extension for iOS target not found
Native extension for Android target not found
Native extension for WebGL target not found
Refreshing native plugins compatible for Editor in 0.51 ms, found 3 plugins.
Preloading 0 native plugins for Editor in 0.00 ms.
Mono: successfully reloaded assembly
- Completed reload, in  0.970 seconds
Domain Reload Profiling:
	ReloadAssembly (971ms)
		BeginReloadAssembly (142ms)
			ExecutionOrderSort (0ms)
			DisableScriptedObjects (5ms)
			BackupInstance (0ms)
			ReleaseScriptingObjects (0ms)
			CreateAndSetChildDomain (35ms)
		EndReloadAssembly (729ms)
			LoadAssemblies (102ms)
			RebuildTransferFunctionScriptingTraits (0ms)
			SetupTypeCache (228ms)
			ReleaseScriptCaches (1ms)
			RebuildScriptCaches (32ms)
			SetupLoadedEditorAssemblies (320ms)
				LogAssemblyErrors (0ms)
				InitializePlatformSupportModulesInManaged (29ms)
				SetLoadedEditorAssemblies (0ms)
				RefreshPlugins (1ms)
				BeforeProcessingInitializeOnLoad (57ms)
				ProcessInitializeOnLoadAttributes (205ms)
				ProcessInitializeOnLoadMethodAttributes (20ms)
				AfterProcessingInitializeOnLoad (8ms)
				EditorAssembliesLoaded (0ms)
			ExecutionOrderSort2 (0ms)
			AwakeInstancesAfterBackupRestoration (7ms)
Platform modules already initialized, skipping
Refreshing native plugins compatible for Editor in 2.17 ms, found 3 plugins.
Preloading 0 native plugins for Editor in 0.00 ms.
Unloading 3716 Unused Serialized files (Serialized files now loaded: 0)
Unloading 22 unused Assets / (80.1 KB). Loaded Objects now: 4205.
Memory consumption went from 142.5 MB to 142.5 MB.
Total: 2.526400 ms (FindLiveObjects: 0.231800 ms CreateObjectMapping: 0.157300 ms MarkObjects: 2.068400 ms  DeleteObjects: 0.068100 ms)

AssetImportParameters requested are different than current active one (requested -> active):
  custom:video-decoder-ogg-theora: a1e56fd34408186e4bbccfd4996cb3dc -> 
  custom:container-muxer-webm: aa71ff27fc2769a1b78a27578f13a17b -> 
  custom:container-demuxer-webm: 4f35f7cbe854078d1ac9338744f61a02 -> 
  custom:video-encoder-webm-vp8: eb34c28f22e8b96e1ab97ce403110664 -> 
  custom:audio-encoder-webm-vorbis: bf7c407c2cedff20999df2af8eb42d56 -> 
  custom:framework-win-MediaFoundation: 216162199b28c13a410421893ffa2e32 -> 
  custom:container-demuxer-ogg: 62fdf1f143b41e24485cea50d1cbac27 -> 
  custom:video-decoder-webm-vp8: 9c59270c3fd7afecdb556c50c9e8de78 -> 
  custom:audio-decoder-ogg-vorbis: bf7c407c2cedff20999df2af8eb42d56 -> 
========================================================================
Received Prepare
Registering precompiled user dll's ...
Registered in 0.007827 seconds.
Begin MonoManager ReloadAssembly
Native extension for UWP target not found
Native extension for WindowsStandalone target not found
Native extension for iOS target not found
Native extension for Android target not found
Native extension for WebGL target not found
Refreshing native plugins compatible for Editor in 0.52 ms, found 3 plugins.
Preloading 0 native plugins for Editor in 0.00 ms.
Mono: successfully reloaded assembly
- Completed reload, in  0.961 seconds
Domain Reload Profiling:
	ReloadAssembly (961ms)
		BeginReloadAssembly (140ms)
			ExecutionOrderSort (0ms)
			DisableScriptedObjects (5ms)
			BackupInstance (0ms)
			ReleaseScriptingObjects (0ms)
			CreateAndSetChildDomain (33ms)
		EndReloadAssembly (726ms)
			LoadAssemblies (102ms)
			RebuildTransferFunctionScriptingTraits (0ms)
			SetupTypeCache (230ms)
			ReleaseScriptCaches (1ms)
			RebuildScriptCaches (33ms)
			SetupLoadedEditorAssemblies (318ms)
				LogAssemblyErrors (0ms)
				InitializePlatformSupportModulesInManaged (31ms)
				SetLoadedEditorAssemblies (0ms)
				RefreshPlugins (1ms)
				BeforeProcessingInitializeOnLoad (58ms)
				ProcessInitializeOnLoadAttributes (198ms)
				ProcessInitializeOnLoadMethodAttributes (20ms)
				AfterProcessingInitializeOnLoad (10ms)
				EditorAssembliesLoaded (0ms)
			ExecutionOrderSort2 (0ms)
			AwakeInstancesAfterBackupRestoration (7ms)
Platform modules already initialized, skipping
Refreshing native plugins compatible for Editor in 2.05 ms, found 3 plugins.
Preloading 0 native plugins for Editor in 0.00 ms.
Unloading 3715 Unused Serialized files (Serialized files now loaded: 0)
Unloading 22 unused Assets / (80.0 KB). Loaded Objects now: 4207.
Memory consumption went from 142.5 MB to 142.4 MB.
Total: 2.895500 ms (FindLiveObjects: 0.231400 ms CreateObjectMapping: 0.147700 ms MarkObjects: 2.455600 ms  DeleteObjects: 0.060200 ms)

AssetImportParameters requested are different than current active one (requested -> active):
  custom:video-decoder-ogg-theora: a1e56fd34408186e4bbccfd4996cb3dc -> 
  custom:container-muxer-webm: aa71ff27fc2769a1b78a27578f13a17b -> 
  custom:container-demuxer-webm: 4f35f7cbe854078d1ac9338744f61a02 -> 
  custom:video-encoder-webm-vp8: eb34c28f22e8b96e1ab97ce403110664 -> 
  custom:audio-encoder-webm-vorbis: bf7c407c2cedff20999df2af8eb42d56 -> 
  custom:framework-win-MediaFoundation: 216162199b28c13a410421893ffa2e32 -> 
  custom:container-demuxer-ogg: 62fdf1f143b41e24485cea50d1cbac27 -> 
  custom:video-decoder-webm-vp8: 9c59270c3fd7afecdb556c50c9e8de78 -> 
  custom:audio-decoder-ogg-vorbis: bf7c407c2cedff20999df2af8eb42d56 -> 
========================================================================
Received Import Request.
  Time since last request: 79.081022 seconds.
  path: Assets/Prefab/Coin.prefab
  artifactKey: Guid(538a961bc282e9247a07023357b58446) Importer(815301076,1909f56bfc062723c751e8b465ee728b)
Start importing Assets/Prefab/Coin.prefab using Guid(538a961bc282e9247a07023357b58446) Importer(815301076,1909f56bfc062723c751e8b465ee728b)  -> (artifact id: '22ce502f17bcf9ad8d6391d6815007d7') in 0.085778 seconds 
========================================================================
Received Import Request.
  Time since last request: 185.814452 seconds.
  path: Assets/Prefab/Canvas.prefab
  artifactKey: Guid(882bfaaa044305449aa48b5b5b277b65) Importer(815301076,1909f56bfc062723c751e8b465ee728b)
Start importing Assets/Prefab/Canvas.prefab using Guid(882bfaaa044305449aa48b5b5b277b65) Importer(815301076,1909f56bfc062723c751e8b465ee728b)  -> (artifact id: '513d034eaea791f09fdade1934c18c7f') in 0.010996 seconds 
========================================================================
Received Prepare
Registering precompiled user dll's ...
Registered in 0.007772 seconds.
Begin MonoManager ReloadAssembly
Native extension for UWP target not found
Native extension for WindowsStandalone target not found
Native extension for iOS target not found
Native extension for Android target not found
Native extension for WebGL target not found
Refreshing native plugins compatible for Editor in 0.55 ms, found 3 plugins.
Preloading 0 native plugins for Editor in 0.00 ms.
Mono: successfully reloaded assembly
- Completed reload, in  1.092 seconds
Domain Reload Profiling:
	ReloadAssembly (1093ms)
		BeginReloadAssembly (139ms)
			ExecutionOrderSort (0ms)
			DisableScriptedObjects (4ms)
			BackupInstance (0ms)
			ReleaseScriptingObjects (0ms)
			CreateAndSetChildDomain (36ms)
		EndReloadAssembly (841ms)
			LoadAssemblies (117ms)
			RebuildTransferFunctionScriptingTraits (0ms)
			SetupTypeCache (291ms)
			ReleaseScriptCaches (1ms)
			RebuildScriptCaches (37ms)
			SetupLoadedEditorAssemblies (335ms)
				LogAssemblyErrors (0ms)
				InitializePlatformSupportModulesInManaged (31ms)
				SetLoadedEditorAssemblies (0ms)
				RefreshPlugins (1ms)
				BeforeProcessingInitializeOnLoad (59ms)
				ProcessInitializeOnLoadAttributes (212ms)
				ProcessInitializeOnLoadMethodAttributes (23ms)
				AfterProcessingInitializeOnLoad (9ms)
				EditorAssembliesLoaded (0ms)
			ExecutionOrderSort2 (0ms)
			AwakeInstancesAfterBackupRestoration (8ms)
Platform modules already initialized, skipping
Refreshing native plugins compatible for Editor in 2.20 ms, found 3 plugins.
Preloading 0 native plugins for Editor in 0.00 ms.
Unloading 3715 Unused Serialized files (Serialized files now loaded: 0)
Unloading 21 unused Assets / (80.0 KB). Loaded Objects now: 4219.
Memory consumption went from 146.9 MB to 146.9 MB.
Total: 2.741900 ms (FindLiveObjects: 0.266700 ms CreateObjectMapping: 0.175200 ms MarkObjects: 2.218400 ms  DeleteObjects: 0.080900 ms)

AssetImportParameters requested are different than current active one (requested -> active):
  custom:video-decoder-ogg-theora: a1e56fd34408186e4bbccfd4996cb3dc -> 
  custom:container-muxer-webm: aa71ff27fc2769a1b78a27578f13a17b -> 
  custom:container-demuxer-webm: 4f35f7cbe854078d1ac9338744f61a02 -> 
  custom:video-encoder-webm-vp8: eb34c28f22e8b96e1ab97ce403110664 -> 
  custom:audio-encoder-webm-vorbis: bf7c407c2cedff20999df2af8eb42d56 -> 
  custom:framework-win-MediaFoundation: 216162199b28c13a410421893ffa2e32 -> 
  custom:container-demuxer-ogg: 62fdf1f143b41e24485cea50d1cbac27 -> 
  custom:video-decoder-webm-vp8: 9c59270c3fd7afecdb556c50c9e8de78 -> 
  custom:audio-decoder-ogg-vorbis: bf7c407c2cedff20999df2af8eb42d56 -> 
========================================================================
Received Prepare
Registering precompiled user dll's ...
Registered in 0.008145 seconds.
Begin MonoManager ReloadAssembly
Native extension for UWP target not found
Native extension for WindowsStandalone target not found
Native extension for iOS target not found
Native extension for Android target not found
Native extension for WebGL target not found
Refreshing native plugins compatible for Editor in 0.53 ms, found 3 plugins.
Preloading 0 native plugins for Editor in 0.00 ms.
Mono: successfully reloaded assembly
- Completed reload, in  0.964 seconds
Domain Reload Profiling:
	ReloadAssembly (965ms)
		BeginReloadAssembly (135ms)
			ExecutionOrderSort (0ms)
			DisableScriptedObjects (5ms)
			BackupInstance (0ms)
			ReleaseScriptingObjects (0ms)
			CreateAndSetChildDomain (34ms)
		EndReloadAssembly (736ms)
			LoadAssemblies (103ms)
			RebuildTransferFunctionScriptingTraits (0ms)
			SetupTypeCache (243ms)
			ReleaseScriptCaches (1ms)
			RebuildScriptCaches (34ms)
			SetupLoadedEditorAssemblies (311ms)
				LogAssemblyErrors (0ms)
				InitializePlatformSupportModulesInManaged (30ms)
				SetLoadedEditorAssemblies (0ms)
				RefreshPlugins (1ms)
				BeforeProcessingInitializeOnLoad (58ms)
				ProcessInitializeOnLoadAttributes (193ms)
				ProcessInitializeOnLoadMethodAttributes (22ms)
				AfterProcessingInitializeOnLoad (8ms)
				EditorAssembliesLoaded (0ms)
			ExecutionOrderSort2 (0ms)
			AwakeInstancesAfterBackupRestoration (7ms)
Platform modules already initialized, skipping
Refreshing native plugins compatible for Editor in 2.11 ms, found 3 plugins.
Preloading 0 native plugins for Editor in 0.00 ms.
Unloading 3762 Unused Serialized files (Serialized files now loaded: 0)
Unloading 34 unused Assets / (0.7 MB). Loaded Objects now: 4256.
Memory consumption went from 150.0 MB to 149.3 MB.
Total: 2.924700 ms (FindLiveObjects: 0.243900 ms CreateObjectMapping: 0.170300 ms MarkObjects: 2.228900 ms  DeleteObjects: 0.281000 ms)

AssetImportParameters requested are different than current active one (requested -> active):
  custom:video-decoder-ogg-theora: a1e56fd34408186e4bbccfd4996cb3dc -> 
  custom:container-muxer-webm: aa71ff27fc2769a1b78a27578f13a17b -> 
  custom:container-demuxer-webm: 4f35f7cbe854078d1ac9338744f61a02 -> 
  custom:video-encoder-webm-vp8: eb34c28f22e8b96e1ab97ce403110664 -> 
  custom:audio-encoder-webm-vorbis: bf7c407c2cedff20999df2af8eb42d56 -> 
  custom:framework-win-MediaFoundation: 216162199b28c13a410421893ffa2e32 -> 
  custom:container-demuxer-ogg: 62fdf1f143b41e24485cea50d1cbac27 -> 
  custom:video-decoder-webm-vp8: 9c59270c3fd7afecdb556c50c9e8de78 -> 
  custom:audio-decoder-ogg-vorbis: bf7c407c2cedff20999df2af8eb42d56 -> 
